<?xml version="1.0" encoding="UTF-8"?>
<!-- Generated by org.testng.reporters.JUnitReportReporter -->
<testsuite hostname="DESKTOP-INQUNRP" name="property.Home" tests="1" failures="0" timestamp="13 Jul 2018 23:36:30 GMT" time="0.152" errors="0">
  <testcase name="navigationpage" time="0.152" classname="property.Home"/>
</testsuite> <!-- property.Home -->
