<?xml version="1.0" encoding="UTF-8"?>
<!-- Generated by org.testng.reporters.JUnitReportReporter -->
<testsuite hostname="DESKTOP-INQUNRP" name="property.Home" tests="1" failures="0" timestamp="26 May 2019 16:08:23 GMT" time="1.030" errors="0">
  <testcase name="navigationpage" time="1.030" classname="property.Home"/>
</testsuite> <!-- property.Home -->
