<?xml version="1.0" encoding="UTF-8"?>
<!-- Generated by org.testng.reporters.JUnitReportReporter -->
<testsuite hostname="DESKTOP-INQUNRP" name="FaruqAcademy.Home" tests="1" failures="0" timestamp="10 Jan 2019 00:20:35 GMT" time="0.020" errors="0">
  <testcase name="navigationpage" time="0.020" classname="FaruqAcademy.Home"/>
</testsuite> <!-- FaruqAcademy.Home -->
