<?xml version="1.0" encoding="UTF-8"?>
<!-- Generated by org.testng.reporters.JUnitReportReporter -->
<testsuite hostname="DESKTOP-INQUNRP" name="FaruqAcademy.LoginTest" tests="1" failures="0" timestamp="26 May 2019 19:43:35 GMT" time="4.643" errors="0">
  <testcase name="loginTest" time="4.643" classname="FaruqAcademy.LoginTest"/>
</testsuite> <!-- FaruqAcademy.LoginTest -->
