<?xml version="1.0" encoding="UTF-8"?>
<!-- Generated by org.testng.reporters.JUnitReportReporter -->
<testsuite hostname="DESKTOP-INQUNRP" name="FaruqAcademy.ValidationTest" tests="1" failures="0" timestamp="26 May 2019 19:39:30 GMT" time="0.743" errors="0">
  <testcase name="navigationpage" time="0.743" classname="FaruqAcademy.ValidationTest"/>
</testsuite> <!-- FaruqAcademy.ValidationTest -->
