<?xml version="1.0" encoding="UTF-8"?>
<!-- Generated by org.testng.reporters.JUnitReportReporter -->
<testsuite hostname="DESKTOP-INQUNRP" name="FaruqAcademy.LoginTest" tests="1" failures="0" timestamp="14 Jul 2018 04:01:40 GMT" time="0.450" errors="0">
  <testcase name="loginTest" time="0.450" classname="FaruqAcademy.LoginTest"/>
</testsuite> <!-- FaruqAcademy.LoginTest -->
